<testsuite failures='1' time='0.45' errors='0' skipped='0' tests='1' name='tabview'><properties><property name='descriptor' value='test-descriptor-disabled.json' /><property name='browser' value='sauce_firefox' /></properties><testcase time='0.00' classname='Error.dom_int' name='Error'><failure><![CDATA[Uncaught exception: undefined, Controller: /Applications/Selenium/SeleniumRunner/arrow_func/arrow-functional-tests/node/node_modules/yahoo-arrow/lib/controller/default]]></failure></testcase></testsuite>